<?xml version="1.0" encoding="UTF-8"?>
<!-- Generated by org.testng.reporters.JUnitReportReporter -->
<testsuite skipped="0" hostname="Ugainjain" name="TestCases.temp" tests="2" failures="0" timestamp="26 Sep 2019 09:08:16 GMT" time="9.507" errors="0">
  <testcase name="temp1" time="9.100" classname="TestCases.temp"/>
  <testcase name="temp2" time="0.407" classname="TestCases.temp"/>
</testsuite> <!-- TestCases.temp -->
