<?xml version="1.0" encoding="UTF-8"?>
<!-- Generated by org.testng.reporters.JUnitReportReporter -->
<testsuite skipped="0" hostname="Ugainjain" name="TestCases.Test1" tests="2" failures="0" timestamp="01 Oct 2019 07:13:19 GMT" time="23.475" errors="0">
  <testcase name="HideShowBtns" time="15.390" classname="TestCases.Test1"/>
  <testcase name="verify_show_titlebtn" time="8.085" classname="TestCases.Test1"/>
</testsuite> <!-- TestCases.Test1 -->
