<?xml version="1.0" encoding="UTF-8"?>
<!-- Generated by org.testng.reporters.JUnitReportReporter -->
<testsuite skipped="0" hostname="Ugainjain" name="TestCases.TestsAPIDemos" tests="2" failures="0" timestamp="01 Oct 2019 10:02:34 GMT" time="23.346" errors="0">
  <testcase name="HideShowBtns" time="15.012" classname="TestCases.TestsAPIDemos"/>
  <testcase name="verify_show_titlebtn" time="8.334" classname="TestCases.TestsAPIDemos"/>
</testsuite> <!-- TestCases.TestsAPIDemos -->
